<?xml version="1.0" encoding="UTF-8"?>
<!-- Generated by org.testng.reporters.JUnitReportReporter -->
<testsuite skipped="0" hostname="Glitch_PC" name="testcases.LoginTestCases" tests="2" failures="0" timestamp="11 Oct 2020 14:42:26 GMT" time="5.996" errors="0">
  <testcase name="login" time="5.978" classname="testcases.LoginTestCases"/>
  <testcase name="loginPageTitleTest" time="0.018" classname="testcases.LoginTestCases"/>
</testsuite> <!-- testcases.LoginTestCases -->
