<?xml version="1.0" encoding="UTF-8"?>
<!-- Generated by org.testng.reporters.JUnitReportReporter -->
<testsuite skipped="0" hostname="Glitch_PC" name="testcases.HomePageTestCases" tests="1" failures="0" timestamp="11 Oct 2020 14:42:26 GMT" time="1.668" errors="0">
  <testcase name="validatePageOpen" time="1.668" classname="testcases.HomePageTestCases"/>
</testsuite> <!-- testcases.HomePageTestCases -->
