<?xml version="1.0" encoding="UTF-8"?>
<!-- Generated by org.testng.reporters.JUnitReportReporter -->
<testsuite skipped="0" hostname="DESKTOP-1UV0N2B" name="testcases.HomePageTestCases" tests="1" failures="0" timestamp="2020-07-06T20:08:49 IST" time="13.880" errors="0">
  <testcase name="validatePageOpen" time="13.880" classname="testcases.HomePageTestCases"/>
  <system-out/>
</testsuite> <!-- testcases.HomePageTestCases -->
