<?xml version="1.0" encoding="UTF-8"?>
<!-- Generated by org.testng.reporters.JUnitReportReporter -->
<testsuite skipped="0" hostname="DESKTOP-1UV0N2B" name="testcases.LoginTestCases" tests="2" failures="0" timestamp="2020-07-06T20:08:49 IST" time="4.626" errors="0">
  <testcase name="login" time="4.617" classname="testcases.LoginTestCases"/>
  <system-out/>
  <testcase name="loginPageTitleTest" time="0.009" classname="testcases.LoginTestCases"/>
  <system-out/>
</testsuite> <!-- testcases.LoginTestCases -->
